{
  "RSpec": {
    "coverage": {
      "/home/hunter/Desktop/Ruby-Testowanie/Ruby/Kodowanie/lib/kod.rb": [
        null,
        1,
        null,
        1,
        1,
        1,
        null,
        null,
        1,
        1,
        1,
        null,
        null,
        1,
        4,
        4,
        10,
        10,
        10,
        null,
        null,
        4,
        null,
        null,
        1,
        1,
        1,
        2,
        null,
        null,
        1,
        null,
        null,
        1,
        1,
        1,
        1,
        1,
        1,
        1,
        null,
        3,
        1,
        1,
        0,
        null,
        1,
        1,
        1,
        1,
        1,
        1,
        1,
        null,
        null,
        1,
        null,
        null,
        1,
        1,
        1,
        1,
        1,
        3,
        3,
        null,
        3,
        3,
        null,
        1,
        null,
        null
      ]
    },
    "timestamp": 1416819786
  }
}
